<?xml version="1.0" encoding="UTF-8"?>
<testsuite xmlns:xsi="http://www.w3.org/2001/XMLSchema-instance" xsi:noNamespaceSchemaLocation="https://maven.apache.org/surefire/maven-surefire-plugin/xsd/surefire-test-report-3.0.xsd" version="3.0" name="com.paklog.wms.location.domain.repository.LocationMasterRepositoryIntegrationTest" time="3.107" tests="7" errors="0" skipped="0" failures="0">
  <properties>
    <property name="java.specification.version" value="21"/>
    <property name="sun.jnu.encoding" value="UTF-8"/>
    <property name="java.class.path" value="/Users/claudioed/.m2/repository/org/apache/maven/surefire/surefire-booter/3.2.5/surefire-booter-3.2.5.jar:/Users/claudioed/.m2/repository/org/apache/maven/surefire/surefire-api/3.2.5/surefire-api-3.2.5.jar:/Users/claudioed/.m2/repository/org/apache/maven/surefire/surefire-logger-api/3.2.5/surefire-logger-api-3.2.5.jar:/Users/claudioed/.m2/repository/org/apache/maven/surefire/surefire-shared-utils/3.2.5/surefire-shared-utils-3.2.5.jar:/Users/claudioed/.m2/repository/org/apache/maven/surefire/surefire-extensions-spi/3.2.5/surefire-extensions-spi-3.2.5.jar:/Users/claudioed/development/github/paklog/location-master-service/target/test-classes:/Users/claudioed/development/github/paklog/location-master-service/target/classes:/Users/claudioed/.m2/repository/org/springframework/boot/spring-boot-starter-web/3.2.0/spring-boot-starter-web-3.2.0.jar:/Users/claudioed/.m2/repository/org/springframework/boot/spring-boot-starter/3.2.0/spring-boot-starter-3.2.0.jar:/Users/claudioed/.m2/repository/org/springframework/boot/spring-boot/3.2.0/spring-boot-3.2.0.jar:/Users/claudioed/.m2/repository/org/springframework/boot/spring-boot-starter-logging/3.2.0/spring-boot-starter-logging-3.2.0.jar:/Users/claudioed/.m2/repository/org/apache/logging/log4j/log4j-to-slf4j/2.21.1/log4j-to-slf4j-2.21.1.jar:/Users/claudioed/.m2/repository/org/apache/logging/log4j/log4j-api/2.21.1/log4j-api-2.21.1.jar:/Users/claudioed/.m2/repository/org/slf4j/jul-to-slf4j/2.0.9/jul-to-slf4j-2.0.9.jar:/Users/claudioed/.m2/repository/jakarta/annotation/jakarta.annotation-api/2.1.1/jakarta.annotation-api-2.1.1.jar:/Users/claudioed/.m2/repository/org/yaml/snakeyaml/2.2/snakeyaml-2.2.jar:/Users/claudioed/.m2/repository/org/springframework/boot/spring-boot-starter-json/3.2.0/spring-boot-starter-json-3.2.0.jar:/Users/claudioed/.m2/repository/com/fasterxml/jackson/datatype/jackson-datatype-jdk8/2.15.3/jackson-datatype-jdk8-2.15.3.jar:/Users/claudioed/.m2/repository/com/fasterxml/jackson/datatype/jackson-datatype-jsr310/2.15.3/jackson-datatype-jsr310-2.15.3.jar:/Users/claudioed/.m2/repository/com/fasterxml/jackson/module/jackson-module-parameter-names/2.15.3/jackson-module-parameter-names-2.15.3.jar:/Users/claudioed/.m2/repository/org/springframework/boot/spring-boot-starter-tomcat/3.2.0/spring-boot-starter-tomcat-3.2.0.jar:/Users/claudioed/.m2/repository/org/apache/tomcat/embed/tomcat-embed-core/10.1.16/tomcat-embed-core-10.1.16.jar:/Users/claudioed/.m2/repository/org/apache/tomcat/embed/tomcat-embed-websocket/10.1.16/tomcat-embed-websocket-10.1.16.jar:/Users/claudioed/.m2/repository/org/springframework/spring-web/6.1.1/spring-web-6.1.1.jar:/Users/claudioed/.m2/repository/org/springframework/spring-beans/6.1.1/spring-beans-6.1.1.jar:/Users/claudioed/.m2/repository/org/springframework/spring-webmvc/6.1.1/spring-webmvc-6.1.1.jar:/Users/claudioed/.m2/repository/org/springframework/spring-aop/6.1.1/spring-aop-6.1.1.jar:/Users/claudioed/.m2/repository/org/springframework/spring-expression/6.1.1/spring-expression-6.1.1.jar:/Users/claudioed/.m2/repository/org/springframework/boot/spring-boot-starter-data-jpa/3.2.0/spring-boot-starter-data-jpa-3.2.0.jar:/Users/claudioed/.m2/repository/org/springframework/boot/spring-boot-starter-aop/3.2.0/spring-boot-starter-aop-3.2.0.jar:/Users/claudioed/.m2/repository/org/aspectj/aspectjweaver/1.9.20.1/aspectjweaver-1.9.20.1.jar:/Users/claudioed/.m2/repository/org/springframework/boot/spring-boot-starter-jdbc/3.2.0/spring-boot-starter-jdbc-3.2.0.jar:/Users/claudioed/.m2/repository/com/zaxxer/HikariCP/5.0.1/HikariCP-5.0.1.jar:/Users/claudioed/.m2/repository/org/springframework/spring-jdbc/6.1.1/spring-jdbc-6.1.1.jar:/Users/claudioed/.m2/repository/org/hibernate/orm/hibernate-core/6.3.1.Final/hibernate-core-6.3.1.Final.jar:/Users/claudioed/.m2/repository/jakarta/persistence/jakarta.persistence-api/3.1.0/jakarta.persistence-api-3.1.0.jar:/Users/claudioed/.m2/repository/jakarta/transaction/jakarta.transaction-api/2.0.1/jakarta.transaction-api-2.0.1.jar:/Users/claudioed/.m2/repository/org/jboss/logging/jboss-logging/3.5.3.Final/jboss-logging-3.5.3.Final.jar:/Users/claudioed/.m2/repository/org/hibernate/common/hibernate-commons-annotations/6.0.6.Final/hibernate-commons-annotations-6.0.6.Final.jar:/Users/claudioed/.m2/repository/io/smallrye/jandex/3.1.2/jandex-3.1.2.jar:/Users/claudioed/.m2/repository/com/fasterxml/classmate/1.6.0/classmate-1.6.0.jar:/Users/claudioed/.m2/repository/net/bytebuddy/byte-buddy/1.14.10/byte-buddy-1.14.10.jar:/Users/claudioed/.m2/repository/org/glassfish/jaxb/jaxb-runtime/4.0.4/jaxb-runtime-4.0.4.jar:/Users/claudioed/.m2/repository/org/glassfish/jaxb/jaxb-core/4.0.4/jaxb-core-4.0.4.jar:/Users/claudioed/.m2/repository/org/eclipse/angus/angus-activation/2.0.1/angus-activation-2.0.1.jar:/Users/claudioed/.m2/repository/org/glassfish/jaxb/txw2/4.0.4/txw2-4.0.4.jar:/Users/claudioed/.m2/repository/com/sun/istack/istack-commons-runtime/4.1.2/istack-commons-runtime-4.1.2.jar:/Users/claudioed/.m2/repository/jakarta/inject/jakarta.inject-api/2.0.1/jakarta.inject-api-2.0.1.jar:/Users/claudioed/.m2/repository/org/antlr/antlr4-runtime/4.10.1/antlr4-runtime-4.10.1.jar:/Users/claudioed/.m2/repository/org/springframework/data/spring-data-jpa/3.2.0/spring-data-jpa-3.2.0.jar:/Users/claudioed/.m2/repository/org/springframework/data/spring-data-commons/3.2.0/spring-data-commons-3.2.0.jar:/Users/claudioed/.m2/repository/org/springframework/spring-orm/6.1.1/spring-orm-6.1.1.jar:/Users/claudioed/.m2/repository/org/springframework/spring-aspects/6.1.1/spring-aspects-6.1.1.jar:/Users/claudioed/.m2/repository/org/postgresql/postgresql/42.6.0/postgresql-42.6.0.jar:/Users/claudioed/.m2/repository/org/checkerframework/checker-qual/3.31.0/checker-qual-3.31.0.jar:/Users/claudioed/.m2/repository/org/springframework/kafka/spring-kafka/3.1.0/spring-kafka-3.1.0.jar:/Users/claudioed/.m2/repository/org/springframework/spring-context/6.1.1/spring-context-6.1.1.jar:/Users/claudioed/.m2/repository/org/springframework/spring-messaging/6.1.1/spring-messaging-6.1.1.jar:/Users/claudioed/.m2/repository/org/springframework/spring-tx/6.1.1/spring-tx-6.1.1.jar:/Users/claudioed/.m2/repository/org/springframework/retry/spring-retry/2.0.4/spring-retry-2.0.4.jar:/Users/claudioed/.m2/repository/org/apache/kafka/kafka-clients/3.3.0/kafka-clients-3.3.0.jar:/Users/claudioed/.m2/repository/com/github/luben/zstd-jni/1.5.2-1/zstd-jni-1.5.2-1.jar:/Users/claudioed/.m2/repository/org/lz4/lz4-java/1.8.0/lz4-java-1.8.0.jar:/Users/claudioed/.m2/repository/org/xerial/snappy/snappy-java/1.1.8.4/snappy-java-1.1.8.4.jar:/Users/claudioed/.m2/repository/io/micrometer/micrometer-observation/1.12.0/micrometer-observation-1.12.0.jar:/Users/claudioed/.m2/repository/io/micrometer/micrometer-commons/1.12.0/micrometer-commons-1.12.0.jar:/Users/claudioed/.m2/repository/com/google/code/findbugs/jsr305/3.0.2/jsr305-3.0.2.jar:/Users/claudioed/.m2/repository/io/cloudevents/cloudevents-spring/2.5.0/cloudevents-spring-2.5.0.jar:/Users/claudioed/.m2/repository/io/cloudevents/cloudevents-core/2.5.0/cloudevents-core-2.5.0.jar:/Users/claudioed/.m2/repository/io/cloudevents/cloudevents-api/2.5.0/cloudevents-api-2.5.0.jar:/Users/claudioed/.m2/repository/org/springframework/boot/spring-boot-starter-validation/3.2.0/spring-boot-starter-validation-3.2.0.jar:/Users/claudioed/.m2/repository/org/apache/tomcat/embed/tomcat-embed-el/10.1.16/tomcat-embed-el-10.1.16.jar:/Users/claudioed/.m2/repository/org/hibernate/validator/hibernate-validator/8.0.1.Final/hibernate-validator-8.0.1.Final.jar:/Users/claudioed/.m2/repository/jakarta/validation/jakarta.validation-api/3.0.2/jakarta.validation-api-3.0.2.jar:/Users/claudioed/.m2/repository/org/springframework/boot/spring-boot-starter-actuator/3.2.0/spring-boot-starter-actuator-3.2.0.jar:/Users/claudioed/.m2/repository/org/springframework/boot/spring-boot-actuator-autoconfigure/3.2.0/spring-boot-actuator-autoconfigure-3.2.0.jar:/Users/claudioed/.m2/repository/org/springframework/boot/spring-boot-actuator/3.2.0/spring-boot-actuator-3.2.0.jar:/Users/claudioed/.m2/repository/io/micrometer/micrometer-jakarta9/1.12.0/micrometer-jakarta9-1.12.0.jar:/Users/claudioed/.m2/repository/org/springframework/boot/spring-boot-starter-test/3.2.0/spring-boot-starter-test-3.2.0.jar:/Users/claudioed/.m2/repository/org/springframework/boot/spring-boot-test/3.2.0/spring-boot-test-3.2.0.jar:/Users/claudioed/.m2/repository/org/springframework/boot/spring-boot-test-autoconfigure/3.2.0/spring-boot-test-autoconfigure-3.2.0.jar:/Users/claudioed/.m2/repository/com/jayway/jsonpath/json-path/2.8.0/json-path-2.8.0.jar:/Users/claudioed/.m2/repository/jakarta/xml/bind/jakarta.xml.bind-api/4.0.1/jakarta.xml.bind-api-4.0.1.jar:/Users/claudioed/.m2/repository/jakarta/activation/jakarta.activation-api/2.1.2/jakarta.activation-api-2.1.2.jar:/Users/claudioed/.m2/repository/net/minidev/json-smart/2.5.0/json-smart-2.5.0.jar:/Users/claudioed/.m2/repository/net/minidev/accessors-smart/2.5.0/accessors-smart-2.5.0.jar:/Users/claudioed/.m2/repository/org/ow2/asm/asm/9.3/asm-9.3.jar:/Users/claudioed/.m2/repository/org/assertj/assertj-core/3.24.2/assertj-core-3.24.2.jar:/Users/claudioed/.m2/repository/org/awaitility/awaitility/4.2.0/awaitility-4.2.0.jar:/Users/claudioed/.m2/repository/org/hamcrest/hamcrest/2.2/hamcrest-2.2.jar:/Users/claudioed/.m2/repository/org/mockito/mockito-core/5.7.0/mockito-core-5.7.0.jar:/Users/claudioed/.m2/repository/net/bytebuddy/byte-buddy-agent/1.14.10/byte-buddy-agent-1.14.10.jar:/Users/claudioed/.m2/repository/org/objenesis/objenesis/3.3/objenesis-3.3.jar:/Users/claudioed/.m2/repository/org/skyscreamer/jsonassert/1.5.1/jsonassert-1.5.1.jar:/Users/claudioed/.m2/repository/com/vaadin/external/google/android-json/0.0.20131108.vaadin1/android-json-0.0.20131108.vaadin1.jar:/Users/claudioed/.m2/repository/org/springframework/spring-core/6.1.1/spring-core-6.1.1.jar:/Users/claudioed/.m2/repository/org/springframework/spring-jcl/6.1.1/spring-jcl-6.1.1.jar:/Users/claudioed/.m2/repository/org/springframework/spring-test/6.1.1/spring-test-6.1.1.jar:/Users/claudioed/.m2/repository/org/xmlunit/xmlunit-core/2.9.1/xmlunit-core-2.9.1.jar:/Users/claudioed/.m2/repository/org/springframework/boot/spring-boot-testcontainers/3.2.0/spring-boot-testcontainers-3.2.0.jar:/Users/claudioed/.m2/repository/org/springframework/boot/spring-boot-autoconfigure/3.2.0/spring-boot-autoconfigure-3.2.0.jar:/Users/claudioed/.m2/repository/org/testcontainers/testcontainers/1.19.3/testcontainers-1.19.3.jar:/Users/claudioed/.m2/repository/junit/junit/4.13.2/junit-4.13.2.jar:/Users/claudioed/.m2/repository/org/hamcrest/hamcrest-core/2.2/hamcrest-core-2.2.jar:/Users/claudioed/.m2/repository/org/apache/commons/commons-compress/1.24.0/commons-compress-1.24.0.jar:/Users/claudioed/.m2/repository/org/rnorth/duct-tape/duct-tape/1.0.8/duct-tape-1.0.8.jar:/Users/claudioed/.m2/repository/org/jetbrains/annotations/17.0.0/annotations-17.0.0.jar:/Users/claudioed/.m2/repository/com/github/docker-java/docker-java-api/3.3.4/docker-java-api-3.3.4.jar:/Users/claudioed/.m2/repository/com/github/docker-java/docker-java-transport-zerodep/3.3.4/docker-java-transport-zerodep-3.3.4.jar:/Users/claudioed/.m2/repository/com/github/docker-java/docker-java-transport/3.3.4/docker-java-transport-3.3.4.jar:/Users/claudioed/.m2/repository/net/java/dev/jna/jna/5.13.0/jna-5.13.0.jar:/Users/claudioed/.m2/repository/org/junit/jupiter/junit-jupiter/5.10.1/junit-jupiter-5.10.1.jar:/Users/claudioed/.m2/repository/org/junit/jupiter/junit-jupiter-api/5.10.1/junit-jupiter-api-5.10.1.jar:/Users/claudioed/.m2/repository/org/opentest4j/opentest4j/1.3.0/opentest4j-1.3.0.jar:/Users/claudioed/.m2/repository/org/junit/platform/junit-platform-commons/1.10.1/junit-platform-commons-1.10.1.jar:/Users/claudioed/.m2/repository/org/apiguardian/apiguardian-api/1.1.2/apiguardian-api-1.1.2.jar:/Users/claudioed/.m2/repository/org/junit/jupiter/junit-jupiter-params/5.10.1/junit-jupiter-params-5.10.1.jar:/Users/claudioed/.m2/repository/org/junit/jupiter/junit-jupiter-engine/5.10.1/junit-jupiter-engine-5.10.1.jar:/Users/claudioed/.m2/repository/org/junit/platform/junit-platform-engine/1.10.1/junit-platform-engine-1.10.1.jar:/Users/claudioed/.m2/repository/org/mockito/mockito-junit-jupiter/5.7.0/mockito-junit-jupiter-5.7.0.jar:/Users/claudioed/.m2/repository/com/h2database/h2/2.2.224/h2-2.2.224.jar:/Users/claudioed/.m2/repository/org/testcontainers/junit-jupiter/1.19.3/junit-jupiter-1.19.3.jar:/Users/claudioed/.m2/repository/org/testcontainers/postgresql/1.19.3/postgresql-1.19.3.jar:/Users/claudioed/.m2/repository/org/testcontainers/jdbc/1.19.3/jdbc-1.19.3.jar:/Users/claudioed/.m2/repository/org/testcontainers/database-commons/1.19.3/database-commons-1.19.3.jar:/Users/claudioed/.m2/repository/org/springdoc/springdoc-openapi-starter-webmvc-ui/2.2.0/springdoc-openapi-starter-webmvc-ui-2.2.0.jar:/Users/claudioed/.m2/repository/org/springdoc/springdoc-openapi-starter-webmvc-api/2.2.0/springdoc-openapi-starter-webmvc-api-2.2.0.jar:/Users/claudioed/.m2/repository/org/springdoc/springdoc-openapi-starter-common/2.2.0/springdoc-openapi-starter-common-2.2.0.jar:/Users/claudioed/.m2/repository/io/swagger/core/v3/swagger-core-jakarta/2.2.15/swagger-core-jakarta-2.2.15.jar:/Users/claudioed/.m2/repository/org/apache/commons/commons-lang3/3.13.0/commons-lang3-3.13.0.jar:/Users/claudioed/.m2/repository/io/swagger/core/v3/swagger-annotations-jakarta/2.2.15/swagger-annotations-jakarta-2.2.15.jar:/Users/claudioed/.m2/repository/io/swagger/core/v3/swagger-models-jakarta/2.2.15/swagger-models-jakarta-2.2.15.jar:/Users/claudioed/.m2/repository/com/fasterxml/jackson/dataformat/jackson-dataformat-yaml/2.15.3/jackson-dataformat-yaml-2.15.3.jar:/Users/claudioed/.m2/repository/org/webjars/swagger-ui/5.2.0/swagger-ui-5.2.0.jar:/Users/claudioed/.m2/repository/io/micrometer/micrometer-registry-prometheus/1.12.0/micrometer-registry-prometheus-1.12.0.jar:/Users/claudioed/.m2/repository/io/micrometer/micrometer-core/1.12.0/micrometer-core-1.12.0.jar:/Users/claudioed/.m2/repository/org/hdrhistogram/HdrHistogram/2.1.12/HdrHistogram-2.1.12.jar:/Users/claudioed/.m2/repository/org/latencyutils/LatencyUtils/2.0.3/LatencyUtils-2.0.3.jar:/Users/claudioed/.m2/repository/io/prometheus/simpleclient_common/0.16.0/simpleclient_common-0.16.0.jar:/Users/claudioed/.m2/repository/io/prometheus/simpleclient/0.16.0/simpleclient-0.16.0.jar:/Users/claudioed/.m2/repository/io/prometheus/simpleclient_tracer_otel/0.16.0/simpleclient_tracer_otel-0.16.0.jar:/Users/claudioed/.m2/repository/io/prometheus/simpleclient_tracer_common/0.16.0/simpleclient_tracer_common-0.16.0.jar:/Users/claudioed/.m2/repository/io/prometheus/simpleclient_tracer_otel_agent/0.16.0/simpleclient_tracer_otel_agent-0.16.0.jar:/Users/claudioed/.m2/repository/io/micrometer/micrometer-tracing-bridge-otel/1.2.0/micrometer-tracing-bridge-otel-1.2.0.jar:/Users/claudioed/.m2/repository/io/micrometer/micrometer-tracing/1.2.0/micrometer-tracing-1.2.0.jar:/Users/claudioed/.m2/repository/io/micrometer/context-propagation/1.1.0/context-propagation-1.1.0.jar:/Users/claudioed/.m2/repository/aopalliance/aopalliance/1.0/aopalliance-1.0.jar:/Users/claudioed/.m2/repository/org/slf4j/slf4j-api/2.0.9/slf4j-api-2.0.9.jar:/Users/claudioed/.m2/repository/io/opentelemetry/opentelemetry-api/1.31.0/opentelemetry-api-1.31.0.jar:/Users/claudioed/.m2/repository/io/opentelemetry/opentelemetry-context/1.31.0/opentelemetry-context-1.31.0.jar:/Users/claudioed/.m2/repository/io/opentelemetry/semconv/opentelemetry-semconv/1.21.0-alpha/opentelemetry-semconv-1.21.0-alpha.jar:/Users/claudioed/.m2/repository/io/opentelemetry/opentelemetry-sdk-common/1.31.0/opentelemetry-sdk-common-1.31.0.jar:/Users/claudioed/.m2/repository/io/opentelemetry/opentelemetry-sdk-trace/1.31.0/opentelemetry-sdk-trace-1.31.0.jar:/Users/claudioed/.m2/repository/io/opentelemetry/opentelemetry-sdk/1.31.0/opentelemetry-sdk-1.31.0.jar:/Users/claudioed/.m2/repository/io/opentelemetry/instrumentation/opentelemetry-instrumentation-api-semconv/1.31.0-alpha/opentelemetry-instrumentation-api-semconv-1.31.0-alpha.jar:/Users/claudioed/.m2/repository/io/opentelemetry/instrumentation/opentelemetry-instrumentation-api/1.31.0/opentelemetry-instrumentation-api-1.31.0.jar:/Users/claudioed/.m2/repository/io/opentelemetry/opentelemetry-extension-incubator/1.31.0-alpha/opentelemetry-extension-incubator-1.31.0-alpha.jar:/Users/claudioed/.m2/repository/io/opentelemetry/opentelemetry-extension-trace-propagators/1.31.0/opentelemetry-extension-trace-propagators-1.31.0.jar:/Users/claudioed/.m2/repository/io/opentelemetry/opentelemetry-exporter-otlp/1.31.0/opentelemetry-exporter-otlp-1.31.0.jar:/Users/claudioed/.m2/repository/io/opentelemetry/opentelemetry-sdk-metrics/1.31.0/opentelemetry-sdk-metrics-1.31.0.jar:/Users/claudioed/.m2/repository/io/opentelemetry/opentelemetry-sdk-logs/1.31.0/opentelemetry-sdk-logs-1.31.0.jar:/Users/claudioed/.m2/repository/io/opentelemetry/opentelemetry-api-events/1.31.0-alpha/opentelemetry-api-events-1.31.0-alpha.jar:/Users/claudioed/.m2/repository/io/opentelemetry/opentelemetry-exporter-otlp-common/1.31.0/opentelemetry-exporter-otlp-common-1.31.0.jar:/Users/claudioed/.m2/repository/io/opentelemetry/opentelemetry-exporter-common/1.31.0/opentelemetry-exporter-common-1.31.0.jar:/Users/claudioed/.m2/repository/io/opentelemetry/opentelemetry-exporter-sender-okhttp/1.31.0/opentelemetry-exporter-sender-okhttp-1.31.0.jar:/Users/claudioed/.m2/repository/com/squareup/okhttp3/okhttp/4.12.0/okhttp-4.12.0.jar:/Users/claudioed/.m2/repository/com/squareup/okio/okio/3.6.0/okio-3.6.0.jar:/Users/claudioed/.m2/repository/com/squareup/okio/okio-jvm/3.6.0/okio-jvm-3.6.0.jar:/Users/claudioed/.m2/repository/org/jetbrains/kotlin/kotlin-stdlib-common/1.9.20/kotlin-stdlib-common-1.9.20.jar:/Users/claudioed/.m2/repository/org/jetbrains/kotlin/kotlin-stdlib-jdk8/1.9.20/kotlin-stdlib-jdk8-1.9.20.jar:/Users/claudioed/.m2/repository/org/jetbrains/kotlin/kotlin-stdlib/1.9.20/kotlin-stdlib-1.9.20.jar:/Users/claudioed/.m2/repository/org/jetbrains/kotlin/kotlin-stdlib-jdk7/1.9.20/kotlin-stdlib-jdk7-1.9.20.jar:/Users/claudioed/.m2/repository/io/opentelemetry/opentelemetry-sdk-extension-autoconfigure-spi/1.31.0/opentelemetry-sdk-extension-autoconfigure-spi-1.31.0.jar:/Users/claudioed/.m2/repository/com/github/loki4j/loki-logback-appender/1.5.1/loki-logback-appender-1.5.1.jar:/Users/claudioed/.m2/repository/ch/qos/logback/logback-classic/1.4.11/logback-classic-1.4.11.jar:/Users/claudioed/.m2/repository/ch/qos/logback/logback-core/1.4.11/logback-core-1.4.11.jar:/Users/claudioed/.m2/repository/net/logstash/logback/logstash-logback-encoder/7.4/logstash-logback-encoder-7.4.jar:/Users/claudioed/.m2/repository/com/fasterxml/jackson/core/jackson-databind/2.15.3/jackson-databind-2.15.3.jar:/Users/claudioed/.m2/repository/com/fasterxml/jackson/core/jackson-annotations/2.15.3/jackson-annotations-2.15.3.jar:/Users/claudioed/.m2/repository/com/fasterxml/jackson/core/jackson-core/2.15.3/jackson-core-2.15.3.jar:/Users/claudioed/.m2/repository/org/apache/maven/surefire/surefire-junit-platform/3.2.5/surefire-junit-platform-3.2.5.jar:/Users/claudioed/.m2/repository/org/apache/maven/surefire/common-java5/3.2.5/common-java5-3.2.5.jar:/Users/claudioed/.m2/repository/org/junit/platform/junit-platform-launcher/1.10.1/junit-platform-launcher-1.10.1.jar"/>
    <property name="java.vm.vendor" value="Amazon.com Inc."/>
    <property name="sun.arch.data.model" value="64"/>
    <property name="java.vendor.url" value="https://aws.amazon.com/corretto/"/>
    <property name="user.timezone" value="America/Sao_Paulo"/>
    <property name="org.jboss.logging.provider" value="slf4j"/>
    <property name="os.name" value="Mac OS X"/>
    <property name="java.vm.specification.version" value="21"/>
    <property name="sun.java.launcher" value="SUN_STANDARD"/>
    <property name="user.country" value="BR"/>
    <property name="sun.boot.library.path" value="/Users/claudioed/.sdkman/candidates/java/21.0.1-amzn/lib"/>
    <property name="sun.java.command" value="org.apache.maven.surefire.booter.ForkedBooter /Users/claudioed/development/github/paklog/location-master-service/target/surefire 2025-10-19T09-06-10_905-jvmRun1 surefire-20251019090610953_1tmp surefire_0-20251019090610953_2tmp"/>
    <property name="jdk.debug" value="release"/>
    <property name="surefire.test.class.path" value="/Users/claudioed/development/github/paklog/location-master-service/target/test-classes:/Users/claudioed/development/github/paklog/location-master-service/target/classes:/Users/claudioed/.m2/repository/org/springframework/boot/spring-boot-starter-web/3.2.0/spring-boot-starter-web-3.2.0.jar:/Users/claudioed/.m2/repository/org/springframework/boot/spring-boot-starter/3.2.0/spring-boot-starter-3.2.0.jar:/Users/claudioed/.m2/repository/org/springframework/boot/spring-boot/3.2.0/spring-boot-3.2.0.jar:/Users/claudioed/.m2/repository/org/springframework/boot/spring-boot-starter-logging/3.2.0/spring-boot-starter-logging-3.2.0.jar:/Users/claudioed/.m2/repository/org/apache/logging/log4j/log4j-to-slf4j/2.21.1/log4j-to-slf4j-2.21.1.jar:/Users/claudioed/.m2/repository/org/apache/logging/log4j/log4j-api/2.21.1/log4j-api-2.21.1.jar:/Users/claudioed/.m2/repository/org/slf4j/jul-to-slf4j/2.0.9/jul-to-slf4j-2.0.9.jar:/Users/claudioed/.m2/repository/jakarta/annotation/jakarta.annotation-api/2.1.1/jakarta.annotation-api-2.1.1.jar:/Users/claudioed/.m2/repository/org/yaml/snakeyaml/2.2/snakeyaml-2.2.jar:/Users/claudioed/.m2/repository/org/springframework/boot/spring-boot-starter-json/3.2.0/spring-boot-starter-json-3.2.0.jar:/Users/claudioed/.m2/repository/com/fasterxml/jackson/datatype/jackson-datatype-jdk8/2.15.3/jackson-datatype-jdk8-2.15.3.jar:/Users/claudioed/.m2/repository/com/fasterxml/jackson/datatype/jackson-datatype-jsr310/2.15.3/jackson-datatype-jsr310-2.15.3.jar:/Users/claudioed/.m2/repository/com/fasterxml/jackson/module/jackson-module-parameter-names/2.15.3/jackson-module-parameter-names-2.15.3.jar:/Users/claudioed/.m2/repository/org/springframework/boot/spring-boot-starter-tomcat/3.2.0/spring-boot-starter-tomcat-3.2.0.jar:/Users/claudioed/.m2/repository/org/apache/tomcat/embed/tomcat-embed-core/10.1.16/tomcat-embed-core-10.1.16.jar:/Users/claudioed/.m2/repository/org/apache/tomcat/embed/tomcat-embed-websocket/10.1.16/tomcat-embed-websocket-10.1.16.jar:/Users/claudioed/.m2/repository/org/springframework/spring-web/6.1.1/spring-web-6.1.1.jar:/Users/claudioed/.m2/repository/org/springframework/spring-beans/6.1.1/spring-beans-6.1.1.jar:/Users/claudioed/.m2/repository/org/springframework/spring-webmvc/6.1.1/spring-webmvc-6.1.1.jar:/Users/claudioed/.m2/repository/org/springframework/spring-aop/6.1.1/spring-aop-6.1.1.jar:/Users/claudioed/.m2/repository/org/springframework/spring-expression/6.1.1/spring-expression-6.1.1.jar:/Users/claudioed/.m2/repository/org/springframework/boot/spring-boot-starter-data-jpa/3.2.0/spring-boot-starter-data-jpa-3.2.0.jar:/Users/claudioed/.m2/repository/org/springframework/boot/spring-boot-starter-aop/3.2.0/spring-boot-starter-aop-3.2.0.jar:/Users/claudioed/.m2/repository/org/aspectj/aspectjweaver/1.9.20.1/aspectjweaver-1.9.20.1.jar:/Users/claudioed/.m2/repository/org/springframework/boot/spring-boot-starter-jdbc/3.2.0/spring-boot-starter-jdbc-3.2.0.jar:/Users/claudioed/.m2/repository/com/zaxxer/HikariCP/5.0.1/HikariCP-5.0.1.jar:/Users/claudioed/.m2/repository/org/springframework/spring-jdbc/6.1.1/spring-jdbc-6.1.1.jar:/Users/claudioed/.m2/repository/org/hibernate/orm/hibernate-core/6.3.1.Final/hibernate-core-6.3.1.Final.jar:/Users/claudioed/.m2/repository/jakarta/persistence/jakarta.persistence-api/3.1.0/jakarta.persistence-api-3.1.0.jar:/Users/claudioed/.m2/repository/jakarta/transaction/jakarta.transaction-api/2.0.1/jakarta.transaction-api-2.0.1.jar:/Users/claudioed/.m2/repository/org/jboss/logging/jboss-logging/3.5.3.Final/jboss-logging-3.5.3.Final.jar:/Users/claudioed/.m2/repository/org/hibernate/common/hibernate-commons-annotations/6.0.6.Final/hibernate-commons-annotations-6.0.6.Final.jar:/Users/claudioed/.m2/repository/io/smallrye/jandex/3.1.2/jandex-3.1.2.jar:/Users/claudioed/.m2/repository/com/fasterxml/classmate/1.6.0/classmate-1.6.0.jar:/Users/claudioed/.m2/repository/net/bytebuddy/byte-buddy/1.14.10/byte-buddy-1.14.10.jar:/Users/claudioed/.m2/repository/org/glassfish/jaxb/jaxb-runtime/4.0.4/jaxb-runtime-4.0.4.jar:/Users/claudioed/.m2/repository/org/glassfish/jaxb/jaxb-core/4.0.4/jaxb-core-4.0.4.jar:/Users/claudioed/.m2/repository/org/eclipse/angus/angus-activation/2.0.1/angus-activation-2.0.1.jar:/Users/claudioed/.m2/repository/org/glassfish/jaxb/txw2/4.0.4/txw2-4.0.4.jar:/Users/claudioed/.m2/repository/com/sun/istack/istack-commons-runtime/4.1.2/istack-commons-runtime-4.1.2.jar:/Users/claudioed/.m2/repository/jakarta/inject/jakarta.inject-api/2.0.1/jakarta.inject-api-2.0.1.jar:/Users/claudioed/.m2/repository/org/antlr/antlr4-runtime/4.10.1/antlr4-runtime-4.10.1.jar:/Users/claudioed/.m2/repository/org/springframework/data/spring-data-jpa/3.2.0/spring-data-jpa-3.2.0.jar:/Users/claudioed/.m2/repository/org/springframework/data/spring-data-commons/3.2.0/spring-data-commons-3.2.0.jar:/Users/claudioed/.m2/repository/org/springframework/spring-orm/6.1.1/spring-orm-6.1.1.jar:/Users/claudioed/.m2/repository/org/springframework/spring-aspects/6.1.1/spring-aspects-6.1.1.jar:/Users/claudioed/.m2/repository/org/postgresql/postgresql/42.6.0/postgresql-42.6.0.jar:/Users/claudioed/.m2/repository/org/checkerframework/checker-qual/3.31.0/checker-qual-3.31.0.jar:/Users/claudioed/.m2/repository/org/springframework/kafka/spring-kafka/3.1.0/spring-kafka-3.1.0.jar:/Users/claudioed/.m2/repository/org/springframework/spring-context/6.1.1/spring-context-6.1.1.jar:/Users/claudioed/.m2/repository/org/springframework/spring-messaging/6.1.1/spring-messaging-6.1.1.jar:/Users/claudioed/.m2/repository/org/springframework/spring-tx/6.1.1/spring-tx-6.1.1.jar:/Users/claudioed/.m2/repository/org/springframework/retry/spring-retry/2.0.4/spring-retry-2.0.4.jar:/Users/claudioed/.m2/repository/org/apache/kafka/kafka-clients/3.3.0/kafka-clients-3.3.0.jar:/Users/claudioed/.m2/repository/com/github/luben/zstd-jni/1.5.2-1/zstd-jni-1.5.2-1.jar:/Users/claudioed/.m2/repository/org/lz4/lz4-java/1.8.0/lz4-java-1.8.0.jar:/Users/claudioed/.m2/repository/org/xerial/snappy/snappy-java/1.1.8.4/snappy-java-1.1.8.4.jar:/Users/claudioed/.m2/repository/io/micrometer/micrometer-observation/1.12.0/micrometer-observation-1.12.0.jar:/Users/claudioed/.m2/repository/io/micrometer/micrometer-commons/1.12.0/micrometer-commons-1.12.0.jar:/Users/claudioed/.m2/repository/com/google/code/findbugs/jsr305/3.0.2/jsr305-3.0.2.jar:/Users/claudioed/.m2/repository/io/cloudevents/cloudevents-spring/2.5.0/cloudevents-spring-2.5.0.jar:/Users/claudioed/.m2/repository/io/cloudevents/cloudevents-core/2.5.0/cloudevents-core-2.5.0.jar:/Users/claudioed/.m2/repository/io/cloudevents/cloudevents-api/2.5.0/cloudevents-api-2.5.0.jar:/Users/claudioed/.m2/repository/org/springframework/boot/spring-boot-starter-validation/3.2.0/spring-boot-starter-validation-3.2.0.jar:/Users/claudioed/.m2/repository/org/apache/tomcat/embed/tomcat-embed-el/10.1.16/tomcat-embed-el-10.1.16.jar:/Users/claudioed/.m2/repository/org/hibernate/validator/hibernate-validator/8.0.1.Final/hibernate-validator-8.0.1.Final.jar:/Users/claudioed/.m2/repository/jakarta/validation/jakarta.validation-api/3.0.2/jakarta.validation-api-3.0.2.jar:/Users/claudioed/.m2/repository/org/springframework/boot/spring-boot-starter-actuator/3.2.0/spring-boot-starter-actuator-3.2.0.jar:/Users/claudioed/.m2/repository/org/springframework/boot/spring-boot-actuator-autoconfigure/3.2.0/spring-boot-actuator-autoconfigure-3.2.0.jar:/Users/claudioed/.m2/repository/org/springframework/boot/spring-boot-actuator/3.2.0/spring-boot-actuator-3.2.0.jar:/Users/claudioed/.m2/repository/io/micrometer/micrometer-jakarta9/1.12.0/micrometer-jakarta9-1.12.0.jar:/Users/claudioed/.m2/repository/org/springframework/boot/spring-boot-starter-test/3.2.0/spring-boot-starter-test-3.2.0.jar:/Users/claudioed/.m2/repository/org/springframework/boot/spring-boot-test/3.2.0/spring-boot-test-3.2.0.jar:/Users/claudioed/.m2/repository/org/springframework/boot/spring-boot-test-autoconfigure/3.2.0/spring-boot-test-autoconfigure-3.2.0.jar:/Users/claudioed/.m2/repository/com/jayway/jsonpath/json-path/2.8.0/json-path-2.8.0.jar:/Users/claudioed/.m2/repository/jakarta/xml/bind/jakarta.xml.bind-api/4.0.1/jakarta.xml.bind-api-4.0.1.jar:/Users/claudioed/.m2/repository/jakarta/activation/jakarta.activation-api/2.1.2/jakarta.activation-api-2.1.2.jar:/Users/claudioed/.m2/repository/net/minidev/json-smart/2.5.0/json-smart-2.5.0.jar:/Users/claudioed/.m2/repository/net/minidev/accessors-smart/2.5.0/accessors-smart-2.5.0.jar:/Users/claudioed/.m2/repository/org/ow2/asm/asm/9.3/asm-9.3.jar:/Users/claudioed/.m2/repository/org/assertj/assertj-core/3.24.2/assertj-core-3.24.2.jar:/Users/claudioed/.m2/repository/org/awaitility/awaitility/4.2.0/awaitility-4.2.0.jar:/Users/claudioed/.m2/repository/org/hamcrest/hamcrest/2.2/hamcrest-2.2.jar:/Users/claudioed/.m2/repository/org/mockito/mockito-core/5.7.0/mockito-core-5.7.0.jar:/Users/claudioed/.m2/repository/net/bytebuddy/byte-buddy-agent/1.14.10/byte-buddy-agent-1.14.10.jar:/Users/claudioed/.m2/repository/org/objenesis/objenesis/3.3/objenesis-3.3.jar:/Users/claudioed/.m2/repository/org/skyscreamer/jsonassert/1.5.1/jsonassert-1.5.1.jar:/Users/claudioed/.m2/repository/com/vaadin/external/google/android-json/0.0.20131108.vaadin1/android-json-0.0.20131108.vaadin1.jar:/Users/claudioed/.m2/repository/org/springframework/spring-core/6.1.1/spring-core-6.1.1.jar:/Users/claudioed/.m2/repository/org/springframework/spring-jcl/6.1.1/spring-jcl-6.1.1.jar:/Users/claudioed/.m2/repository/org/springframework/spring-test/6.1.1/spring-test-6.1.1.jar:/Users/claudioed/.m2/repository/org/xmlunit/xmlunit-core/2.9.1/xmlunit-core-2.9.1.jar:/Users/claudioed/.m2/repository/org/springframework/boot/spring-boot-testcontainers/3.2.0/spring-boot-testcontainers-3.2.0.jar:/Users/claudioed/.m2/repository/org/springframework/boot/spring-boot-autoconfigure/3.2.0/spring-boot-autoconfigure-3.2.0.jar:/Users/claudioed/.m2/repository/org/testcontainers/testcontainers/1.19.3/testcontainers-1.19.3.jar:/Users/claudioed/.m2/repository/junit/junit/4.13.2/junit-4.13.2.jar:/Users/claudioed/.m2/repository/org/hamcrest/hamcrest-core/2.2/hamcrest-core-2.2.jar:/Users/claudioed/.m2/repository/org/apache/commons/commons-compress/1.24.0/commons-compress-1.24.0.jar:/Users/claudioed/.m2/repository/org/rnorth/duct-tape/duct-tape/1.0.8/duct-tape-1.0.8.jar:/Users/claudioed/.m2/repository/org/jetbrains/annotations/17.0.0/annotations-17.0.0.jar:/Users/claudioed/.m2/repository/com/github/docker-java/docker-java-api/3.3.4/docker-java-api-3.3.4.jar:/Users/claudioed/.m2/repository/com/github/docker-java/docker-java-transport-zerodep/3.3.4/docker-java-transport-zerodep-3.3.4.jar:/Users/claudioed/.m2/repository/com/github/docker-java/docker-java-transport/3.3.4/docker-java-transport-3.3.4.jar:/Users/claudioed/.m2/repository/net/java/dev/jna/jna/5.13.0/jna-5.13.0.jar:/Users/claudioed/.m2/repository/org/junit/jupiter/junit-jupiter/5.10.1/junit-jupiter-5.10.1.jar:/Users/claudioed/.m2/repository/org/junit/jupiter/junit-jupiter-api/5.10.1/junit-jupiter-api-5.10.1.jar:/Users/claudioed/.m2/repository/org/opentest4j/opentest4j/1.3.0/opentest4j-1.3.0.jar:/Users/claudioed/.m2/repository/org/junit/platform/junit-platform-commons/1.10.1/junit-platform-commons-1.10.1.jar:/Users/claudioed/.m2/repository/org/apiguardian/apiguardian-api/1.1.2/apiguardian-api-1.1.2.jar:/Users/claudioed/.m2/repository/org/junit/jupiter/junit-jupiter-params/5.10.1/junit-jupiter-params-5.10.1.jar:/Users/claudioed/.m2/repository/org/junit/jupiter/junit-jupiter-engine/5.10.1/junit-jupiter-engine-5.10.1.jar:/Users/claudioed/.m2/repository/org/junit/platform/junit-platform-engine/1.10.1/junit-platform-engine-1.10.1.jar:/Users/claudioed/.m2/repository/org/mockito/mockito-junit-jupiter/5.7.0/mockito-junit-jupiter-5.7.0.jar:/Users/claudioed/.m2/repository/com/h2database/h2/2.2.224/h2-2.2.224.jar:/Users/claudioed/.m2/repository/org/testcontainers/junit-jupiter/1.19.3/junit-jupiter-1.19.3.jar:/Users/claudioed/.m2/repository/org/testcontainers/postgresql/1.19.3/postgresql-1.19.3.jar:/Users/claudioed/.m2/repository/org/testcontainers/jdbc/1.19.3/jdbc-1.19.3.jar:/Users/claudioed/.m2/repository/org/testcontainers/database-commons/1.19.3/database-commons-1.19.3.jar:/Users/claudioed/.m2/repository/org/springdoc/springdoc-openapi-starter-webmvc-ui/2.2.0/springdoc-openapi-starter-webmvc-ui-2.2.0.jar:/Users/claudioed/.m2/repository/org/springdoc/springdoc-openapi-starter-webmvc-api/2.2.0/springdoc-openapi-starter-webmvc-api-2.2.0.jar:/Users/claudioed/.m2/repository/org/springdoc/springdoc-openapi-starter-common/2.2.0/springdoc-openapi-starter-common-2.2.0.jar:/Users/claudioed/.m2/repository/io/swagger/core/v3/swagger-core-jakarta/2.2.15/swagger-core-jakarta-2.2.15.jar:/Users/claudioed/.m2/repository/org/apache/commons/commons-lang3/3.13.0/commons-lang3-3.13.0.jar:/Users/claudioed/.m2/repository/io/swagger/core/v3/swagger-annotations-jakarta/2.2.15/swagger-annotations-jakarta-2.2.15.jar:/Users/claudioed/.m2/repository/io/swagger/core/v3/swagger-models-jakarta/2.2.15/swagger-models-jakarta-2.2.15.jar:/Users/claudioed/.m2/repository/com/fasterxml/jackson/dataformat/jackson-dataformat-yaml/2.15.3/jackson-dataformat-yaml-2.15.3.jar:/Users/claudioed/.m2/repository/org/webjars/swagger-ui/5.2.0/swagger-ui-5.2.0.jar:/Users/claudioed/.m2/repository/io/micrometer/micrometer-registry-prometheus/1.12.0/micrometer-registry-prometheus-1.12.0.jar:/Users/claudioed/.m2/repository/io/micrometer/micrometer-core/1.12.0/micrometer-core-1.12.0.jar:/Users/claudioed/.m2/repository/org/hdrhistogram/HdrHistogram/2.1.12/HdrHistogram-2.1.12.jar:/Users/claudioed/.m2/repository/org/latencyutils/LatencyUtils/2.0.3/LatencyUtils-2.0.3.jar:/Users/claudioed/.m2/repository/io/prometheus/simpleclient_common/0.16.0/simpleclient_common-0.16.0.jar:/Users/claudioed/.m2/repository/io/prometheus/simpleclient/0.16.0/simpleclient-0.16.0.jar:/Users/claudioed/.m2/repository/io/prometheus/simpleclient_tracer_otel/0.16.0/simpleclient_tracer_otel-0.16.0.jar:/Users/claudioed/.m2/repository/io/prometheus/simpleclient_tracer_common/0.16.0/simpleclient_tracer_common-0.16.0.jar:/Users/claudioed/.m2/repository/io/prometheus/simpleclient_tracer_otel_agent/0.16.0/simpleclient_tracer_otel_agent-0.16.0.jar:/Users/claudioed/.m2/repository/io/micrometer/micrometer-tracing-bridge-otel/1.2.0/micrometer-tracing-bridge-otel-1.2.0.jar:/Users/claudioed/.m2/repository/io/micrometer/micrometer-tracing/1.2.0/micrometer-tracing-1.2.0.jar:/Users/claudioed/.m2/repository/io/micrometer/context-propagation/1.1.0/context-propagation-1.1.0.jar:/Users/claudioed/.m2/repository/aopalliance/aopalliance/1.0/aopalliance-1.0.jar:/Users/claudioed/.m2/repository/org/slf4j/slf4j-api/2.0.9/slf4j-api-2.0.9.jar:/Users/claudioed/.m2/repository/io/opentelemetry/opentelemetry-api/1.31.0/opentelemetry-api-1.31.0.jar:/Users/claudioed/.m2/repository/io/opentelemetry/opentelemetry-context/1.31.0/opentelemetry-context-1.31.0.jar:/Users/claudioed/.m2/repository/io/opentelemetry/semconv/opentelemetry-semconv/1.21.0-alpha/opentelemetry-semconv-1.21.0-alpha.jar:/Users/claudioed/.m2/repository/io/opentelemetry/opentelemetry-sdk-common/1.31.0/opentelemetry-sdk-common-1.31.0.jar:/Users/claudioed/.m2/repository/io/opentelemetry/opentelemetry-sdk-trace/1.31.0/opentelemetry-sdk-trace-1.31.0.jar:/Users/claudioed/.m2/repository/io/opentelemetry/opentelemetry-sdk/1.31.0/opentelemetry-sdk-1.31.0.jar:/Users/claudioed/.m2/repository/io/opentelemetry/instrumentation/opentelemetry-instrumentation-api-semconv/1.31.0-alpha/opentelemetry-instrumentation-api-semconv-1.31.0-alpha.jar:/Users/claudioed/.m2/repository/io/opentelemetry/instrumentation/opentelemetry-instrumentation-api/1.31.0/opentelemetry-instrumentation-api-1.31.0.jar:/Users/claudioed/.m2/repository/io/opentelemetry/opentelemetry-extension-incubator/1.31.0-alpha/opentelemetry-extension-incubator-1.31.0-alpha.jar:/Users/claudioed/.m2/repository/io/opentelemetry/opentelemetry-extension-trace-propagators/1.31.0/opentelemetry-extension-trace-propagators-1.31.0.jar:/Users/claudioed/.m2/repository/io/opentelemetry/opentelemetry-exporter-otlp/1.31.0/opentelemetry-exporter-otlp-1.31.0.jar:/Users/claudioed/.m2/repository/io/opentelemetry/opentelemetry-sdk-metrics/1.31.0/opentelemetry-sdk-metrics-1.31.0.jar:/Users/claudioed/.m2/repository/io/opentelemetry/opentelemetry-sdk-logs/1.31.0/opentelemetry-sdk-logs-1.31.0.jar:/Users/claudioed/.m2/repository/io/opentelemetry/opentelemetry-api-events/1.31.0-alpha/opentelemetry-api-events-1.31.0-alpha.jar:/Users/claudioed/.m2/repository/io/opentelemetry/opentelemetry-exporter-otlp-common/1.31.0/opentelemetry-exporter-otlp-common-1.31.0.jar:/Users/claudioed/.m2/repository/io/opentelemetry/opentelemetry-exporter-common/1.31.0/opentelemetry-exporter-common-1.31.0.jar:/Users/claudioed/.m2/repository/io/opentelemetry/opentelemetry-exporter-sender-okhttp/1.31.0/opentelemetry-exporter-sender-okhttp-1.31.0.jar:/Users/claudioed/.m2/repository/com/squareup/okhttp3/okhttp/4.12.0/okhttp-4.12.0.jar:/Users/claudioed/.m2/repository/com/squareup/okio/okio/3.6.0/okio-3.6.0.jar:/Users/claudioed/.m2/repository/com/squareup/okio/okio-jvm/3.6.0/okio-jvm-3.6.0.jar:/Users/claudioed/.m2/repository/org/jetbrains/kotlin/kotlin-stdlib-common/1.9.20/kotlin-stdlib-common-1.9.20.jar:/Users/claudioed/.m2/repository/org/jetbrains/kotlin/kotlin-stdlib-jdk8/1.9.20/kotlin-stdlib-jdk8-1.9.20.jar:/Users/claudioed/.m2/repository/org/jetbrains/kotlin/kotlin-stdlib/1.9.20/kotlin-stdlib-1.9.20.jar:/Users/claudioed/.m2/repository/org/jetbrains/kotlin/kotlin-stdlib-jdk7/1.9.20/kotlin-stdlib-jdk7-1.9.20.jar:/Users/claudioed/.m2/repository/io/opentelemetry/opentelemetry-sdk-extension-autoconfigure-spi/1.31.0/opentelemetry-sdk-extension-autoconfigure-spi-1.31.0.jar:/Users/claudioed/.m2/repository/com/github/loki4j/loki-logback-appender/1.5.1/loki-logback-appender-1.5.1.jar:/Users/claudioed/.m2/repository/ch/qos/logback/logback-classic/1.4.11/logback-classic-1.4.11.jar:/Users/claudioed/.m2/repository/ch/qos/logback/logback-core/1.4.11/logback-core-1.4.11.jar:/Users/claudioed/.m2/repository/net/logstash/logback/logstash-logback-encoder/7.4/logstash-logback-encoder-7.4.jar:/Users/claudioed/.m2/repository/com/fasterxml/jackson/core/jackson-databind/2.15.3/jackson-databind-2.15.3.jar:/Users/claudioed/.m2/repository/com/fasterxml/jackson/core/jackson-annotations/2.15.3/jackson-annotations-2.15.3.jar:/Users/claudioed/.m2/repository/com/fasterxml/jackson/core/jackson-core/2.15.3/jackson-core-2.15.3.jar:"/>
    <property name="sun.cpu.endian" value="little"/>
    <property name="user.home" value="/Users/claudioed"/>
    <property name="user.language" value="en"/>
    <property name="java.specification.vendor" value="Oracle Corporation"/>
    <property name="java.version.date" value="2023-10-17"/>
    <property name="java.home" value="/Users/claudioed/.sdkman/candidates/java/21.0.1-amzn"/>
    <property name="file.separator" value="/"/>
    <property name="basedir" value="/Users/claudioed/development/github/paklog/location-master-service"/>
    <property name="java.vm.compressedOopsMode" value="Zero based"/>
    <property name="line.separator" value="&#10;"/>
    <property name="java.vm.specification.vendor" value="Oracle Corporation"/>
    <property name="java.specification.name" value="Java Platform API Specification"/>
    <property name="FILE_LOG_CHARSET" value="UTF-8"/>
    <property name="java.awt.headless" value="true"/>
    <property name="apple.awt.application.name" value="ForkedBooter"/>
    <property name="sun.management.compiler" value="HotSpot 64-Bit Tiered Compilers"/>
    <property name="java.runtime.version" value="21.0.1+12-LTS"/>
    <property name="LOG_CORRELATION_PATTERN" value="%correlationId"/>
    <property name="user.name" value="claudioed"/>
    <property name="stdout.encoding" value="UTF-8"/>
    <property name="path.separator" value=":"/>
    <property name="os.version" value="26.0.1"/>
    <property name="java.runtime.name" value="OpenJDK Runtime Environment"/>
    <property name="file.encoding" value="UTF-8"/>
    <property name="jnidispatch.path" value="/var/folders/1n/_5t1ntj55s784hhr25d_9_sw0000gn/T/jna1637860749462755193.tmp"/>
    <property name="java.vm.name" value="OpenJDK 64-Bit Server VM"/>
    <property name="jna.platform.library.path" value="/usr/lib:/usr/lib"/>
    <property name="java.vendor.version" value="Corretto-21.0.1.12.1"/>
    <property name="localRepository" value="/Users/claudioed/.m2/repository"/>
    <property name="jna.loaded" value="true"/>
    <property name="java.vendor.url.bug" value="https://github.com/corretto/corretto-21/issues/"/>
    <property name="java.io.tmpdir" value="/var/folders/1n/_5t1ntj55s784hhr25d_9_sw0000gn/T/"/>
    <property name="com.zaxxer.hikari.pool_number" value="1"/>
    <property name="java.version" value="21.0.1"/>
    <property name="user.dir" value="/Users/claudioed/development/github/paklog/location-master-service"/>
    <property name="os.arch" value="aarch64"/>
    <property name="java.vm.specification.name" value="Java Virtual Machine Specification"/>
    <property name="PID" value="79873"/>
    <property name="CONSOLE_LOG_CHARSET" value="UTF-8"/>
    <property name="native.encoding" value="UTF-8"/>
    <property name="java.library.path" value="/Users/claudioed/Library/Java/Extensions:/Library/Java/Extensions:/Network/Library/Java/Extensions:/System/Library/Java/Extensions:/usr/lib/java:."/>
    <property name="java.vm.info" value="mixed mode, sharing"/>
    <property name="stderr.encoding" value="UTF-8"/>
    <property name="java.vendor" value="Amazon.com Inc."/>
    <property name="java.vm.version" value="21.0.1+12-LTS"/>
    <property name="sun.io.unicode.encoding" value="UnicodeBig"/>
    <property name="java.class.version" value="65.0"/>
    <property name="LOGGED_APPLICATION_NAME" value="[location-master-service] "/>
  </properties>
  <testcase name="findOptimalSlottingLocations" classname="com.paklog.wms.location.domain.repository.LocationMasterRepositoryIntegrationTest" time="0.214">
    <system-out><![CDATA[2025-10-19 09:06:24,822 [main] INFO  o.s.t.c.s.AnnotationConfigContextLoaderUtils - Could not detect default configuration classes for test class [com.paklog.wms.location.domain.repository.LocationMasterRepositoryIntegrationTest]: LocationMasterRepositoryIntegrationTest does not declare any static, non-private, non-final, nested classes annotated with @Configuration.
2025-10-19 09:06:24,836 [main] INFO  o.s.b.t.c.SpringBootTestContextBootstrapper - Found @SpringBootConfiguration com.paklog.wms.location.LocationMasterServiceApplication for test class com.paklog.wms.location.domain.repository.LocationMasterRepositoryIntegrationTest

  .   ____          _            __ _ _
 /\\ / ___'_ __ _ _(_)_ __  __ _ \ \ \ \
( ( )\___ | '_ | '_| | '_ \/ _` | \ \ \ \
 \\/  ___)| |_)| | | | | || (_| |  ) ) ) )
  '  |____| .__|_| |_|_| |_\__, | / / / /
 =========|_|==============|___/=/_/_/_/
 :: Spring Boot ::                (v3.2.0)

2025-10-19 09:06:25,093 [main] INFO  o.t.d.DockerClientProviderStrategy - Loaded org.testcontainers.dockerclient.UnixSocketClientProviderStrategy from ~/.testcontainers.properties, will try it first
2025-10-19 09:06:25,298 [main] WARN  o.t.d.DockerClientProviderStrategy - DOCKER_HOST unix:///Users/claudioed/.docker/run/docker.sock is not listening
2025-10-19 09:06:25,299 [main] INFO  o.t.d.DockerMachineClientProviderStrategy - docker-machine executable was not found on PATH ([/usr/local/bin, /System/Cryptexes/App/usr/bin, /usr/bin, /bin, /usr/sbin, /sbin, /var/run/com.apple.security.cryptexd/codex.system/bootstrap/usr/local/bin, /var/run/com.apple.security.cryptexd/codex.system/bootstrap/usr/bin, /var/run/com.apple.security.cryptexd/codex.system/bootstrap/usr/appleinternal/bin, /usr/local/share/dotnet, ~/.dotnet/tools, /Library/Frameworks/Mono.framework/Versions/Current/Commands, /var/folders/1n/_5t1ntj55s784hhr25d_9_sw0000gn/T/.tmppsIqJz, /Users/claudioed/.codeium/windsurf/bin, /opt/homebrew/opt/openjdk/bin, /Users/claudioed/.sdkman/candidates/quarkus/current/bin, /Users/claudioed/.sdkman/candidates/java/current/bin, /opt/homebrew/opt/openjdk@17/bin, /Library/Frameworks/Python.framework/Versions/3.12/bin, /opt/homebrew/bin, /opt/homebrew/sbin, /Applications/iTerm.app/Contents/Resources/utilities, /Users/claudioed/Library/Application Support/JetBrains/Toolbox/scripts])
2025-10-19 09:06:25,300 [main] ERROR o.t.d.DockerClientProviderStrategy - Could not find a valid Docker environment. Please check configuration. Attempted configurations were:
	UnixSocketClientProviderStrategy: failed with exception InvalidConfigurationException (Could not find unix domain socket). Root cause NoSuchFileException (/var/run/docker.sock)As no valid configuration was found, execution cannot continue.
See https://java.testcontainers.org/on_failure.html for more details.
2025-10-19 09:06:25,300 [main] WARN  c.p.w.l.d.r.LocationMasterRepositoryIntegrationTest - Docker not available, falling back to in-memory H2 database for integration tests: Docker unavailable
2025-10-19 09:06:25,301 [main] INFO  c.p.w.l.d.r.LocationMasterRepositoryIntegrationTest - Starting LocationMasterRepositoryIntegrationTest using Java 21.0.1 with PID 79873 (started by claudioed in /Users/claudioed/development/github/paklog/location-master-service)
2025-10-19 09:06:25,301 [main] DEBUG c.p.w.l.d.r.LocationMasterRepositoryIntegrationTest - Running with Spring Boot v3.2.0, Spring v6.1.1
2025-10-19 09:06:25,301 [main] INFO  c.p.w.l.d.r.LocationMasterRepositoryIntegrationTest - No active profile set, falling back to 1 default profile: "default"
2025-10-19 09:06:25,404 [main] INFO  o.s.d.r.c.RepositoryConfigurationDelegate - Bootstrapping Spring Data JPA repositories in DEFAULT mode.
2025-10-19 09:06:25,433 [main] INFO  o.s.d.r.c.RepositoryConfigurationDelegate - Finished Spring Data repository scanning in 22 ms. Found 1 JPA repository interface.
2025-10-19 09:06:25,561 [main] INFO  o.h.jpa.internal.util.LogHelper - HHH000204: Processing PersistenceUnitInfo [name: default]
2025-10-19 09:06:25,618 [main] INFO  org.hibernate.Version - HHH000412: Hibernate ORM core version 6.3.1.Final
2025-10-19 09:06:25,645 [main] INFO  o.h.c.i.RegionFactoryInitiator - HHH000026: Second-level cache disabled
2025-10-19 09:06:25,725 [main] INFO  o.s.o.j.p.SpringPersistenceUnitInfo - No LoadTimeWeaver setup: ignoring JPA class transformer
2025-10-19 09:06:25,750 [main] INFO  com.zaxxer.hikari.HikariDataSource - HikariPool-1 - Starting...
2025-10-19 09:06:26,004 [main] INFO  com.zaxxer.hikari.pool.HikariPool - HikariPool-1 - Added connection conn0: url=jdbc:h2:mem:testdb user=SA
2025-10-19 09:06:26,005 [main] INFO  com.zaxxer.hikari.HikariDataSource - HikariPool-1 - Start completed.
2025-10-19 09:06:26,030 [main] WARN  org.hibernate.dialect.Dialect - HHH000511: The 2.2.0 version for [org.hibernate.dialect.PostgreSQLDialect] is no longer supported, hence certain features may not work properly. The minimum supported version is 11.0.0. Check the community dialects project for available legacy versions.
2025-10-19 09:06:26,034 [main] WARN  org.hibernate.orm.deprecation - HHH90000025: PostgreSQLDialect does not need to be specified explicitly using 'hibernate.dialect' (remove the property setting and it will be selected by default)
2025-10-19 09:06:26,649 [main] INFO  o.h.e.t.j.p.i.JtaPlatformInitiator - HHH000489: No JTA platform available (set 'hibernate.transaction.jta.platform' to enable JTA platform integration)
2025-10-19 09:06:26,697 [main] INFO  o.s.o.j.LocalContainerEntityManagerFactoryBean - Initialized JPA EntityManagerFactory for persistence unit 'default'
2025-10-19 09:06:26,946 [main] INFO  o.s.d.j.r.query.QueryEnhancerFactory - Hibernate is in classpath; If applicable, HQL parser will be used.
2025-10-19 09:06:27,586 [main] INFO  c.p.w.l.d.r.LocationMasterRepositoryIntegrationTest - Started LocationMasterRepositoryIntegrationTest in 2.748 seconds (process running for 16.607)
]]></system-out>
  </testcase>
  <testcase name="findHierarchyMetadata" classname="com.paklog.wms.location.domain.repository.LocationMasterRepositoryIntegrationTest" time="0.034"/>
  <testcase name="findByWarehouseId" classname="com.paklog.wms.location.domain.repository.LocationMasterRepositoryIntegrationTest" time="0.02"/>
  <testcase name="findLocationsRequiringAttention" classname="com.paklog.wms.location.domain.repository.LocationMasterRepositoryIntegrationTest" time="0.016"/>
  <testcase name="findAvailableLocationsWithCapacity" classname="com.paklog.wms.location.domain.repository.LocationMasterRepositoryIntegrationTest" time="0.017"/>
  <testcase name="findActiveStorageLocations" classname="com.paklog.wms.location.domain.repository.LocationMasterRepositoryIntegrationTest" time="0.018"/>
  <testcase name="findPickPathLocationsOrdersBySequence" classname="com.paklog.wms.location.domain.repository.LocationMasterRepositoryIntegrationTest" time="0.017"/>
</testsuite>